<?xml version="1.0" encoding="UTF-8"?>
<!-- Generated by org.testng.reporters.JUnitReportReporter -->
<testsuite hostname="LAPTOP-GOMU2QUT" failures="0" tests="1" name="GetRequest.PostCreatePI" time="1.886" errors="0" timestamp="2024-01-10T18:05:23 IST" skipped="0">
  <testcase classname="GetRequest.PostCreatePI" name="PostID" time="1.886"/>
</testsuite> <!-- GetRequest.PostCreatePI -->
