<?xml version="1.0" encoding="UTF-8"?>
<!-- Generated by org.testng.reporters.JUnitReportReporter -->
<testsuite hostname="LAPTOP-GOMU2QUT" failures="0" tests="1" name="GetRequest.Get_user2$Get1" time="1.581" errors="0" timestamp="2024-01-10T18:07:00 IST" skipped="0">
  <testcase classname="GetRequest.Get_user2$Get1" name="getID" time="1.581"/>
</testsuite> <!-- GetRequest.Get_user2$Get1 -->
