<?xml version="1.0" encoding="UTF-8"?>
<!-- Generated by org.testng.reporters.JUnitReportReporter -->
<testsuite hostname="LAPTOP-GOMU2QUT" failures="0" tests="1" name="GetRequest.Detele_data$delete1" time="2.035" errors="0" timestamp="2024-01-10T18:29:48 IST" skipped="0">
  <testcase classname="GetRequest.Detele_data$delete1" name="delete" time="2.035"/>
</testsuite> <!-- GetRequest.Detele_data$delete1 -->
