<?xml version="1.0" encoding="UTF-8"?>
<!-- Generated by org.testng.reporters.JUnitReportReporter -->
<testsuite hostname="LAPTOP-GOMU2QUT" failures="0" tests="1" name="GetRequest.Get_single_user$Get1" time="2.180" errors="0" timestamp="2024-02-19T20:05:35 IST" skipped="0">
  <testcase classname="GetRequest.Get_single_user$Get1" name="getIrD" time="2.180"/>
</testsuite> <!-- GetRequest.Get_single_user$Get1 -->
