<?xml version="1.0" encoding="UTF-8"?>
<!-- Generated by org.testng.reporters.JUnitReportReporter -->
<testsuite hostname="LAPTOP-GOMU2QUT" failures="0" tests="1" name="GetRequest.GetDATA" time="1.454" errors="0" timestamp="2024-01-10T17:20:14 IST" skipped="0">
  <testcase classname="GetRequest.GetDATA" name="getALL" time="1.454"/>
</testsuite> <!-- GetRequest.GetDATA -->
