<?xml version="1.0" encoding="UTF-8"?>
<!-- Generated by org.testng.reporters.JUnitReportReporter -->
<testsuite hostname="LAPTOP-GOMU2QUT" failures="0" tests="1" name="GetRequest.Put_api" time="2.921" errors="0" timestamp="2024-01-10T21:04:38 IST" skipped="0">
  <testcase classname="GetRequest.Put_api" name="Put_update" time="2.921"/>
</testsuite> <!-- GetRequest.Put_api -->
