<?xml version="1.0" encoding="UTF-8"?>
<!-- Generated by org.testng.reporters.JUnitReportReporter -->
<testsuite hostname="LAPTOP-GOMU2QUT" failures="0" tests="1" name="GetRequest.Put_api$put2" time="1.787" errors="0" timestamp="2024-01-10T18:21:04 IST" skipped="0">
  <testcase classname="GetRequest.Put_api$put2" name="Put_update" time="1.787"/>
</testsuite> <!-- GetRequest.Put_api$put2 -->
