<?xml version="1.0" encoding="UTF-8"?>
<!-- Generated by org.testng.reporters.JUnitReportReporter -->
<testsuite hostname="LAPTOP-GOMU2QUT" failures="0" tests="1" name="GetRequest.GetValidation" time="1.975" errors="0" timestamp="2024-02-13T21:10:26 IST" skipped="0">
  <testcase classname="GetRequest.GetValidation" name="getvalidate" time="1.975"/>
</testsuite> <!-- GetRequest.GetValidation -->
